DEBUG 2025-05-27 21:24:09,256 utils 15948 18928 (0.000) 
            SELECT name, type FROM sqlite_master
            WHERE type in ('table', 'view') AND NOT name='sqlite_sequence'
            ORDER BY name; args=None; alias=default
DEBUG 2025-05-27 21:24:09,261 utils 15948 18928 (0.000) SELECT "django_migrations"."id", "django_migrations"."app", "django_migrations"."name", "django_migrations"."applied" FROM "django_migrations"; args=(); alias=default
DEBUG 2025-05-27 21:24:09,262 utils 15948 18928 (0.000) 
            SELECT name, type FROM sqlite_master
            WHERE type in ('table', 'view') AND NOT name='sqlite_sequence'
            ORDER BY name; args=None; alias=default
DEBUG 2025-05-27 21:24:09,263 utils 15948 18928 (0.000) SELECT "django_migrations"."id", "django_migrations"."app", "django_migrations"."name", "django_migrations"."applied" FROM "django_migrations"; args=(); alias=default
DEBUG 2025-05-27 21:24:09,287 utils 15948 18928 (0.000) 
            SELECT name, type FROM sqlite_master
            WHERE type in ('table', 'view') AND NOT name='sqlite_sequence'
            ORDER BY name; args=None; alias=default
DEBUG 2025-05-27 21:24:09,288 utils 15948 18928 (0.000) SELECT "django_migrations"."id", "django_migrations"."app", "django_migrations"."name", "django_migrations"."applied" FROM "django_migrations"; args=(); alias=default
DEBUG 2025-05-27 21:24:09,290 utils 15948 18928 (0.000) SELECT "django_content_type"."id", "django_content_type"."app_label", "django_content_type"."model" FROM "django_content_type" WHERE "django_content_type"."app_label" = 'admin'; args=('admin',); alias=default
DEBUG 2025-05-27 21:24:09,291 utils 15948 18928 (0.000) SELECT "django_content_type"."id", "django_content_type"."app_label", "django_content_type"."model" FROM "django_content_type" WHERE ("django_content_type"."app_label" = 'admin' AND "django_content_type"."model" IN ('logentry')); args=('admin', 'logentry'); alias=default
DEBUG 2025-05-27 21:24:09,293 utils 15948 18928 (0.000) SELECT "auth_permission"."content_type_id" AS "content_type", "auth_permission"."codename" AS "codename" FROM "auth_permission" INNER JOIN "django_content_type" ON ("auth_permission"."content_type_id" = "django_content_type"."id") WHERE "auth_permission"."content_type_id" IN (1) ORDER BY "django_content_type"."app_label" ASC, "django_content_type"."model" ASC, 2 ASC; args=(1,); alias=default
DEBUG 2025-05-27 21:24:09,294 utils 15948 18928 (0.000) SELECT "django_content_type"."id", "django_content_type"."app_label", "django_content_type"."model" FROM "django_content_type" WHERE "django_content_type"."app_label" = 'admin'; args=('admin',); alias=default
DEBUG 2025-05-27 21:24:09,294 utils 15948 18928 (0.000) SELECT "django_content_type"."id", "django_content_type"."app_label", "django_content_type"."model" FROM "django_content_type" WHERE "django_content_type"."app_label" = 'auth'; args=('auth',); alias=default
DEBUG 2025-05-27 21:24:09,295 utils 15948 18928 (0.000) SELECT "django_content_type"."id", "django_content_type"."app_label", "django_content_type"."model" FROM "django_content_type" WHERE ("django_content_type"."app_label" = 'auth' AND "django_content_type"."model" IN ('user', 'permission', 'group')); args=('auth', 'user', 'permission', 'group'); alias=default
DEBUG 2025-05-27 21:24:09,297 utils 15948 18928 (0.000) SELECT "auth_permission"."content_type_id" AS "content_type", "auth_permission"."codename" AS "codename" FROM "auth_permission" INNER JOIN "django_content_type" ON ("auth_permission"."content_type_id" = "django_content_type"."id") WHERE "auth_permission"."content_type_id" IN (2, 3, 4) ORDER BY "django_content_type"."app_label" ASC, "django_content_type"."model" ASC, 2 ASC; args=(2, 3, 4); alias=default
DEBUG 2025-05-27 21:24:09,297 utils 15948 18928 (0.000) SELECT "django_content_type"."id", "django_content_type"."app_label", "django_content_type"."model" FROM "django_content_type" WHERE "django_content_type"."app_label" = 'auth'; args=('auth',); alias=default
DEBUG 2025-05-27 21:24:09,298 utils 15948 18928 (0.000) SELECT "django_content_type"."id", "django_content_type"."app_label", "django_content_type"."model" FROM "django_content_type" WHERE "django_content_type"."app_label" = 'contenttypes'; args=('contenttypes',); alias=default
DEBUG 2025-05-27 21:24:09,299 utils 15948 18928 (0.000) SELECT "django_content_type"."id", "django_content_type"."app_label", "django_content_type"."model" FROM "django_content_type" WHERE ("django_content_type"."app_label" = 'contenttypes' AND "django_content_type"."model" IN ('contenttype')); args=('contenttypes', 'contenttype'); alias=default
DEBUG 2025-05-27 21:24:09,300 utils 15948 18928 (0.000) SELECT "auth_permission"."content_type_id" AS "content_type", "auth_permission"."codename" AS "codename" FROM "auth_permission" INNER JOIN "django_content_type" ON ("auth_permission"."content_type_id" = "django_content_type"."id") WHERE "auth_permission"."content_type_id" IN (5) ORDER BY "django_content_type"."app_label" ASC, "django_content_type"."model" ASC, 2 ASC; args=(5,); alias=default
DEBUG 2025-05-27 21:24:09,301 utils 15948 18928 (0.000) SELECT "django_content_type"."id", "django_content_type"."app_label", "django_content_type"."model" FROM "django_content_type" WHERE "django_content_type"."app_label" = 'contenttypes'; args=('contenttypes',); alias=default
DEBUG 2025-05-27 21:24:09,301 utils 15948 18928 (0.000) SELECT "django_content_type"."id", "django_content_type"."app_label", "django_content_type"."model" FROM "django_content_type" WHERE "django_content_type"."app_label" = 'sessions'; args=('sessions',); alias=default
DEBUG 2025-05-27 21:24:09,302 utils 15948 18928 (0.000) SELECT "django_content_type"."id", "django_content_type"."app_label", "django_content_type"."model" FROM "django_content_type" WHERE ("django_content_type"."app_label" = 'sessions' AND "django_content_type"."model" IN ('session')); args=('sessions', 'session'); alias=default
DEBUG 2025-05-27 21:24:09,303 utils 15948 18928 (0.000) SELECT "auth_permission"."content_type_id" AS "content_type", "auth_permission"."codename" AS "codename" FROM "auth_permission" INNER JOIN "django_content_type" ON ("auth_permission"."content_type_id" = "django_content_type"."id") WHERE "auth_permission"."content_type_id" IN (6) ORDER BY "django_content_type"."app_label" ASC, "django_content_type"."model" ASC, 2 ASC; args=(6,); alias=default
DEBUG 2025-05-27 21:24:09,304 utils 15948 18928 (0.000) SELECT "django_content_type"."id", "django_content_type"."app_label", "django_content_type"."model" FROM "django_content_type" WHERE "django_content_type"."app_label" = 'sessions'; args=('sessions',); alias=default
DEBUG 2025-05-27 21:28:42,665 utils 15904 7892 (0.000) 
            SELECT name, type FROM sqlite_master
            WHERE type in ('table', 'view') AND NOT name='sqlite_sequence'
            ORDER BY name; args=None; alias=default
DEBUG 2025-05-27 21:28:42,680 utils 15904 7892 (0.000) SELECT "django_migrations"."id", "django_migrations"."app", "django_migrations"."name", "django_migrations"."applied" FROM "django_migrations"; args=(); alias=default
DEBUG 2025-05-27 21:28:50,771 utils 7312 18504 (0.000) 
            SELECT name, type FROM sqlite_master
            WHERE type in ('table', 'view') AND NOT name='sqlite_sequence'
            ORDER BY name; args=None; alias=default
DEBUG 2025-05-27 21:28:50,775 utils 7312 18504 (0.000) SELECT "django_migrations"."id", "django_migrations"."app", "django_migrations"."name", "django_migrations"."applied" FROM "django_migrations"; args=(); alias=default
DEBUG 2025-05-27 21:28:50,775 utils 7312 18504 (0.000) 
            SELECT name, type FROM sqlite_master
            WHERE type in ('table', 'view') AND NOT name='sqlite_sequence'
            ORDER BY name; args=None; alias=default
DEBUG 2025-05-27 21:28:50,775 utils 7312 18504 (0.000) SELECT "django_migrations"."id", "django_migrations"."app", "django_migrations"."name", "django_migrations"."applied" FROM "django_migrations"; args=(); alias=default
DEBUG 2025-05-27 21:28:50,785 utils 7312 18504 (0.000) 
            SELECT name, type FROM sqlite_master
            WHERE type in ('table', 'view') AND NOT name='sqlite_sequence'
            ORDER BY name; args=None; alias=default
DEBUG 2025-05-27 21:28:50,785 utils 7312 18504 (0.000) PRAGMA foreign_keys = OFF; args=None; alias=default
DEBUG 2025-05-27 21:28:50,785 utils 7312 18504 (0.000) PRAGMA foreign_keys; args=None; alias=default
DEBUG 2025-05-27 21:28:50,787 utils 7312 18504 (0.000) BEGIN; args=None; alias=default
DEBUG 2025-05-27 21:28:50,788 schema 7312 18504 CREATE TABLE "main_companyinfo" ("id" integer NOT NULL PRIMARY KEY AUTOINCREMENT, "title" varchar(200) NOT NULL, "content" text NOT NULL, "updated_at" datetime NOT NULL); (params None)
DEBUG 2025-05-27 21:28:50,789 utils 7312 18504 (0.000) CREATE TABLE "main_companyinfo" ("id" integer NOT NULL PRIMARY KEY AUTOINCREMENT, "title" varchar(200) NOT NULL, "content" text NOT NULL, "updated_at" datetime NOT NULL); args=None; alias=default
DEBUG 2025-05-27 21:28:50,791 schema 7312 18504 CREATE TABLE "main_contact" ("id" integer NOT NULL PRIMARY KEY AUTOINCREMENT, "name" varchar(100) NOT NULL, "position" varchar(100) NOT NULL, "photo" varchar(100) NOT NULL, "phone_number" varchar(19) NOT NULL, "email" varchar(254) NOT NULL, "description" text NOT NULL); (params None)
DEBUG 2025-05-27 21:28:50,791 utils 7312 18504 (0.000) CREATE TABLE "main_contact" ("id" integer NOT NULL PRIMARY KEY AUTOINCREMENT, "name" varchar(100) NOT NULL, "position" varchar(100) NOT NULL, "photo" varchar(100) NOT NULL, "phone_number" varchar(19) NOT NULL, "email" varchar(254) NOT NULL, "description" text NOT NULL); args=None; alias=default
DEBUG 2025-05-27 21:28:50,792 schema 7312 18504 CREATE TABLE "main_faq" ("id" integer NOT NULL PRIMARY KEY AUTOINCREMENT, "question" varchar(200) NOT NULL, "answer" text NOT NULL, "created_at" datetime NOT NULL); (params None)
DEBUG 2025-05-27 21:28:50,793 utils 7312 18504 (0.000) CREATE TABLE "main_faq" ("id" integer NOT NULL PRIMARY KEY AUTOINCREMENT, "question" varchar(200) NOT NULL, "answer" text NOT NULL, "created_at" datetime NOT NULL); args=None; alias=default
DEBUG 2025-05-27 21:28:50,794 schema 7312 18504 CREATE TABLE "main_news" ("id" integer NOT NULL PRIMARY KEY AUTOINCREMENT, "title" varchar(200) NOT NULL, "content" text NOT NULL, "image" varchar(100) NULL, "created_at" datetime NOT NULL, "is_published" bool NOT NULL); (params None)
DEBUG 2025-05-27 21:28:50,794 utils 7312 18504 (0.000) CREATE TABLE "main_news" ("id" integer NOT NULL PRIMARY KEY AUTOINCREMENT, "title" varchar(200) NOT NULL, "content" text NOT NULL, "image" varchar(100) NULL, "created_at" datetime NOT NULL, "is_published" bool NOT NULL); args=None; alias=default
DEBUG 2025-05-27 21:28:50,796 schema 7312 18504 CREATE TABLE "main_promotion" ("id" integer NOT NULL PRIMARY KEY AUTOINCREMENT, "code" varchar(20) NOT NULL UNIQUE, "description" text NOT NULL, "discount_percent" integer unsigned NOT NULL CHECK ("discount_percent" >= 0), "valid_from" datetime NOT NULL, "valid_until" datetime NOT NULL, "is_active" bool NOT NULL); (params None)
DEBUG 2025-05-27 21:28:50,797 utils 7312 18504 (0.000) CREATE TABLE "main_promotion" ("id" integer NOT NULL PRIMARY KEY AUTOINCREMENT, "code" varchar(20) NOT NULL UNIQUE, "description" text NOT NULL, "discount_percent" integer unsigned NOT NULL CHECK ("discount_percent" >= 0), "valid_from" datetime NOT NULL, "valid_until" datetime NOT NULL, "is_active" bool NOT NULL); args=None; alias=default
DEBUG 2025-05-27 21:28:50,798 schema 7312 18504 CREATE TABLE "main_room" ("id" integer NOT NULL PRIMARY KEY AUTOINCREMENT, "number" varchar(10) NOT NULL UNIQUE, "capacity" integer unsigned NOT NULL CHECK ("capacity" >= 0), "description" text NOT NULL, "image" varchar(100) NULL, "is_active" bool NOT NULL); (params None)
DEBUG 2025-05-27 21:28:50,798 utils 7312 18504 (0.000) CREATE TABLE "main_room" ("id" integer NOT NULL PRIMARY KEY AUTOINCREMENT, "number" varchar(10) NOT NULL UNIQUE, "capacity" integer unsigned NOT NULL CHECK ("capacity" >= 0), "description" text NOT NULL, "image" varchar(100) NULL, "is_active" bool NOT NULL); args=None; alias=default
DEBUG 2025-05-27 21:28:50,801 schema 7312 18504 CREATE TABLE "main_roomcategory" ("id" integer NOT NULL PRIMARY KEY AUTOINCREMENT, "name" varchar(100) NOT NULL, "description" text NOT NULL, "price_per_night" decimal NOT NULL); (params None)
DEBUG 2025-05-27 21:28:50,801 utils 7312 18504 (0.000) CREATE TABLE "main_roomcategory" ("id" integer NOT NULL PRIMARY KEY AUTOINCREMENT, "name" varchar(100) NOT NULL, "description" text NOT NULL, "price_per_night" decimal NOT NULL); args=None; alias=default
DEBUG 2025-05-27 21:28:50,801 schema 7312 18504 CREATE TABLE "main_vacancy" ("id" integer NOT NULL PRIMARY KEY AUTOINCREMENT, "title" varchar(200) NOT NULL, "description" text NOT NULL, "requirements" text NOT NULL, "salary_from" decimal NULL, "salary_to" decimal NULL, "is_active" bool NOT NULL, "created_at" datetime NOT NULL); (params None)
DEBUG 2025-05-27 21:28:50,803 utils 7312 18504 (0.000) CREATE TABLE "main_vacancy" ("id" integer NOT NULL PRIMARY KEY AUTOINCREMENT, "title" varchar(200) NOT NULL, "description" text NOT NULL, "requirements" text NOT NULL, "salary_from" decimal NULL, "salary_to" decimal NULL, "is_active" bool NOT NULL, "created_at" datetime NOT NULL); args=None; alias=default
DEBUG 2025-05-27 21:28:50,811 schema 7312 18504 CREATE TABLE "main_client" ("id" integer NOT NULL PRIMARY KEY AUTOINCREMENT, "phone_number" varchar(19) NOT NULL, "birth_date" date NOT NULL, "has_child" bool NOT NULL, "user_id" integer NOT NULL UNIQUE REFERENCES "auth_user" ("id") DEFERRABLE INITIALLY DEFERRED); (params None)
DEBUG 2025-05-27 21:28:50,812 utils 7312 18504 (0.000) CREATE TABLE "main_client" ("id" integer NOT NULL PRIMARY KEY AUTOINCREMENT, "phone_number" varchar(19) NOT NULL, "birth_date" date NOT NULL, "has_child" bool NOT NULL, "user_id" integer NOT NULL UNIQUE REFERENCES "auth_user" ("id") DEFERRABLE INITIALLY DEFERRED); args=None; alias=default
DEBUG 2025-05-27 21:28:50,815 schema 7312 18504 CREATE TABLE "main_review" ("id" integer NOT NULL PRIMARY KEY AUTOINCREMENT, "rating" integer unsigned NOT NULL CHECK ("rating" >= 0), "text" text NOT NULL, "created_at" datetime NOT NULL, "client_id" bigint NOT NULL REFERENCES "main_client" ("id") DEFERRABLE INITIALLY DEFERRED); (params None)
DEBUG 2025-05-27 21:28:50,815 utils 7312 18504 (0.000) CREATE TABLE "main_review" ("id" integer NOT NULL PRIMARY KEY AUTOINCREMENT, "rating" integer unsigned NOT NULL CHECK ("rating" >= 0), "text" text NOT NULL, "created_at" datetime NOT NULL, "client_id" bigint NOT NULL REFERENCES "main_client" ("id") DEFERRABLE INITIALLY DEFERRED); args=None; alias=default
DEBUG 2025-05-27 21:28:50,828 schema 7312 18504 CREATE TABLE "main_booking" ("id" integer NOT NULL PRIMARY KEY AUTOINCREMENT, "check_in_date" date NOT NULL, "check_out_date" date NOT NULL, "status" varchar(20) NOT NULL, "total_price" decimal NOT NULL, "created_at" datetime NOT NULL, "updated_at" datetime NOT NULL, "client_id" bigint NOT NULL REFERENCES "main_client" ("id") DEFERRABLE INITIALLY DEFERRED, "room_id" bigint NOT NULL REFERENCES "main_room" ("id") DEFERRABLE INITIALLY DEFERRED); (params None)
DEBUG 2025-05-27 21:28:50,828 utils 7312 18504 (0.000) CREATE TABLE "main_booking" ("id" integer NOT NULL PRIMARY KEY AUTOINCREMENT, "check_in_date" date NOT NULL, "check_out_date" date NOT NULL, "status" varchar(20) NOT NULL, "total_price" decimal NOT NULL, "created_at" datetime NOT NULL, "updated_at" datetime NOT NULL, "client_id" bigint NOT NULL REFERENCES "main_client" ("id") DEFERRABLE INITIALLY DEFERRED, "room_id" bigint NOT NULL REFERENCES "main_room" ("id") DEFERRABLE INITIALLY DEFERRED); args=None; alias=default
DEBUG 2025-05-27 21:28:50,844 schema 7312 18504 CREATE TABLE "new__main_room" ("id" integer NOT NULL PRIMARY KEY AUTOINCREMENT, "number" varchar(10) NOT NULL UNIQUE, "capacity" integer unsigned NOT NULL CHECK ("capacity" >= 0), "description" text NOT NULL, "image" varchar(100) NULL, "is_active" bool NOT NULL, "category_id" bigint NOT NULL REFERENCES "main_roomcategory" ("id") DEFERRABLE INITIALLY DEFERRED); (params None)
DEBUG 2025-05-27 21:28:50,844 utils 7312 18504 (0.000) CREATE TABLE "new__main_room" ("id" integer NOT NULL PRIMARY KEY AUTOINCREMENT, "number" varchar(10) NOT NULL UNIQUE, "capacity" integer unsigned NOT NULL CHECK ("capacity" >= 0), "description" text NOT NULL, "image" varchar(100) NULL, "is_active" bool NOT NULL, "category_id" bigint NOT NULL REFERENCES "main_roomcategory" ("id") DEFERRABLE INITIALLY DEFERRED); args=None; alias=default
DEBUG 2025-05-27 21:28:50,844 schema 7312 18504 INSERT INTO "new__main_room" ("id", "number", "capacity", "description", "image", "is_active", "category_id") SELECT "id", "number", "capacity", "description", "image", "is_active", NULL FROM "main_room"; (params ())
DEBUG 2025-05-27 21:28:50,844 utils 7312 18504 (0.000) INSERT INTO "new__main_room" ("id", "number", "capacity", "description", "image", "is_active", "category_id") SELECT "id", "number", "capacity", "description", "image", "is_active", NULL FROM "main_room"; args=(); alias=default
DEBUG 2025-05-27 21:28:50,844 schema 7312 18504 DROP TABLE "main_room"; (params ())
DEBUG 2025-05-27 21:28:50,844 utils 7312 18504 (0.000) DROP TABLE "main_room"; args=(); alias=default
DEBUG 2025-05-27 21:28:50,844 schema 7312 18504 ALTER TABLE "new__main_room" RENAME TO "main_room"; (params ())
DEBUG 2025-05-27 21:28:50,844 utils 7312 18504 (0.000) ALTER TABLE "new__main_room" RENAME TO "main_room"; args=(); alias=default
DEBUG 2025-05-27 21:28:50,844 schema 7312 18504 CREATE INDEX "main_review_client_id_1547304e" ON "main_review" ("client_id"); (params ())
DEBUG 2025-05-27 21:28:50,844 utils 7312 18504 (0.000) CREATE INDEX "main_review_client_id_1547304e" ON "main_review" ("client_id"); args=(); alias=default
DEBUG 2025-05-27 21:28:50,844 schema 7312 18504 CREATE INDEX "main_booking_client_id_def2e0df" ON "main_booking" ("client_id"); (params ())
DEBUG 2025-05-27 21:28:50,844 utils 7312 18504 (0.000) CREATE INDEX "main_booking_client_id_def2e0df" ON "main_booking" ("client_id"); args=(); alias=default
DEBUG 2025-05-27 21:28:50,844 schema 7312 18504 CREATE INDEX "main_booking_room_id_8d86edf4" ON "main_booking" ("room_id"); (params ())
DEBUG 2025-05-27 21:28:50,844 utils 7312 18504 (0.000) CREATE INDEX "main_booking_room_id_8d86edf4" ON "main_booking" ("room_id"); args=(); alias=default
DEBUG 2025-05-27 21:28:50,844 schema 7312 18504 CREATE INDEX "main_room_category_id_0a457b69" ON "main_room" ("category_id"); (params ())
DEBUG 2025-05-27 21:28:50,844 utils 7312 18504 (0.000) CREATE INDEX "main_room_category_id_0a457b69" ON "main_room" ("category_id"); args=(); alias=default
DEBUG 2025-05-27 21:28:50,844 utils 7312 18504 (0.000) INSERT INTO "django_migrations" ("app", "name", "applied") VALUES ('main', '0001_initial', '2025-05-27 18:28:50.844482') RETURNING "django_migrations"."id"; args=('main', '0001_initial', '2025-05-27 18:28:50.844482'); alias=default
DEBUG 2025-05-27 21:28:50,844 utils 7312 18504 (0.000) PRAGMA foreign_key_check; args=None; alias=default
DEBUG 2025-05-27 21:28:50,844 utils 7312 18504 (0.000) COMMIT; args=None; alias=default
DEBUG 2025-05-27 21:28:50,844 utils 7312 18504 (0.000) PRAGMA foreign_keys = ON; args=None; alias=default
DEBUG 2025-05-27 21:28:50,844 utils 7312 18504 (0.000) SELECT "django_migrations"."id", "django_migrations"."app", "django_migrations"."name", "django_migrations"."applied" FROM "django_migrations"; args=(); alias=default
DEBUG 2025-05-27 21:28:50,860 utils 7312 18504 (0.000) SELECT "django_content_type"."id", "django_content_type"."app_label", "django_content_type"."model" FROM "django_content_type" WHERE "django_content_type"."app_label" = 'admin'; args=('admin',); alias=default
DEBUG 2025-05-27 21:28:50,861 utils 7312 18504 (0.000) SELECT "django_content_type"."id", "django_content_type"."app_label", "django_content_type"."model" FROM "django_content_type" WHERE ("django_content_type"."app_label" = 'admin' AND "django_content_type"."model" IN ('logentry')); args=('admin', 'logentry'); alias=default
DEBUG 2025-05-27 21:28:50,861 utils 7312 18504 (0.000) SELECT "auth_permission"."content_type_id" AS "content_type", "auth_permission"."codename" AS "codename" FROM "auth_permission" INNER JOIN "django_content_type" ON ("auth_permission"."content_type_id" = "django_content_type"."id") WHERE "auth_permission"."content_type_id" IN (1) ORDER BY "django_content_type"."app_label" ASC, "django_content_type"."model" ASC, 2 ASC; args=(1,); alias=default
DEBUG 2025-05-27 21:28:50,861 utils 7312 18504 (0.000) SELECT "django_content_type"."id", "django_content_type"."app_label", "django_content_type"."model" FROM "django_content_type" WHERE "django_content_type"."app_label" = 'admin'; args=('admin',); alias=default
DEBUG 2025-05-27 21:28:50,861 utils 7312 18504 (0.000) SELECT "django_content_type"."id", "django_content_type"."app_label", "django_content_type"."model" FROM "django_content_type" WHERE "django_content_type"."app_label" = 'auth'; args=('auth',); alias=default
DEBUG 2025-05-27 21:28:50,861 utils 7312 18504 (0.000) SELECT "django_content_type"."id", "django_content_type"."app_label", "django_content_type"."model" FROM "django_content_type" WHERE ("django_content_type"."app_label" = 'auth' AND "django_content_type"."model" IN ('group', 'permission', 'user')); args=('auth', 'group', 'permission', 'user'); alias=default
DEBUG 2025-05-27 21:28:50,861 utils 7312 18504 (0.000) SELECT "auth_permission"."content_type_id" AS "content_type", "auth_permission"."codename" AS "codename" FROM "auth_permission" INNER JOIN "django_content_type" ON ("auth_permission"."content_type_id" = "django_content_type"."id") WHERE "auth_permission"."content_type_id" IN (2, 3, 4) ORDER BY "django_content_type"."app_label" ASC, "django_content_type"."model" ASC, 2 ASC; args=(2, 3, 4); alias=default
DEBUG 2025-05-27 21:28:50,861 utils 7312 18504 (0.000) SELECT "django_content_type"."id", "django_content_type"."app_label", "django_content_type"."model" FROM "django_content_type" WHERE "django_content_type"."app_label" = 'auth'; args=('auth',); alias=default
DEBUG 2025-05-27 21:28:50,861 utils 7312 18504 (0.000) SELECT "django_content_type"."id", "django_content_type"."app_label", "django_content_type"."model" FROM "django_content_type" WHERE "django_content_type"."app_label" = 'contenttypes'; args=('contenttypes',); alias=default
DEBUG 2025-05-27 21:28:50,861 utils 7312 18504 (0.000) SELECT "django_content_type"."id", "django_content_type"."app_label", "django_content_type"."model" FROM "django_content_type" WHERE ("django_content_type"."app_label" = 'contenttypes' AND "django_content_type"."model" IN ('contenttype')); args=('contenttypes', 'contenttype'); alias=default
DEBUG 2025-05-27 21:28:50,871 utils 7312 18504 (0.000) SELECT "auth_permission"."content_type_id" AS "content_type", "auth_permission"."codename" AS "codename" FROM "auth_permission" INNER JOIN "django_content_type" ON ("auth_permission"."content_type_id" = "django_content_type"."id") WHERE "auth_permission"."content_type_id" IN (5) ORDER BY "django_content_type"."app_label" ASC, "django_content_type"."model" ASC, 2 ASC; args=(5,); alias=default
DEBUG 2025-05-27 21:28:50,871 utils 7312 18504 (0.000) SELECT "django_content_type"."id", "django_content_type"."app_label", "django_content_type"."model" FROM "django_content_type" WHERE "django_content_type"."app_label" = 'contenttypes'; args=('contenttypes',); alias=default
DEBUG 2025-05-27 21:28:50,871 utils 7312 18504 (0.000) SELECT "django_content_type"."id", "django_content_type"."app_label", "django_content_type"."model" FROM "django_content_type" WHERE "django_content_type"."app_label" = 'sessions'; args=('sessions',); alias=default
DEBUG 2025-05-27 21:28:50,871 utils 7312 18504 (0.000) SELECT "django_content_type"."id", "django_content_type"."app_label", "django_content_type"."model" FROM "django_content_type" WHERE ("django_content_type"."app_label" = 'sessions' AND "django_content_type"."model" IN ('session')); args=('sessions', 'session'); alias=default
DEBUG 2025-05-27 21:28:50,871 utils 7312 18504 (0.000) SELECT "auth_permission"."content_type_id" AS "content_type", "auth_permission"."codename" AS "codename" FROM "auth_permission" INNER JOIN "django_content_type" ON ("auth_permission"."content_type_id" = "django_content_type"."id") WHERE "auth_permission"."content_type_id" IN (6) ORDER BY "django_content_type"."app_label" ASC, "django_content_type"."model" ASC, 2 ASC; args=(6,); alias=default
DEBUG 2025-05-27 21:28:50,871 utils 7312 18504 (0.000) SELECT "django_content_type"."id", "django_content_type"."app_label", "django_content_type"."model" FROM "django_content_type" WHERE "django_content_type"."app_label" = 'sessions'; args=('sessions',); alias=default
DEBUG 2025-05-27 21:28:50,876 utils 7312 18504 (0.000) SELECT "django_content_type"."id", "django_content_type"."app_label", "django_content_type"."model" FROM "django_content_type" WHERE "django_content_type"."app_label" = 'main'; args=('main',); alias=default
DEBUG 2025-05-27 21:28:50,876 utils 7312 18504 (0.000) BEGIN; args=None; alias=default
DEBUG 2025-05-27 21:28:50,878 utils 7312 18504 (0.016) INSERT INTO "django_content_type" ("app_label", "model") VALUES ('main', 'companyinfo'), ('main', 'contact'), ('main', 'faq'), ('main', 'news'), ('main', 'promotion'), ('main', 'vacancy'), ('main', 'roomcategory'), ('main', 'review'), ('main', 'room'), ('main', 'client'), ('main', 'booking') RETURNING "django_content_type"."id"; args=('main', 'companyinfo', 'main', 'contact', 'main', 'faq', 'main', 'news', 'main', 'promotion', 'main', 'vacancy', 'main', 'roomcategory', 'main', 'review', 'main', 'room', 'main', 'client', 'main', 'booking'); alias=default
DEBUG 2025-05-27 21:28:50,883 utils 7312 18504 (0.000) COMMIT; args=None; alias=default
DEBUG 2025-05-27 21:28:50,885 utils 7312 18504 (0.000) SELECT "django_content_type"."id", "django_content_type"."app_label", "django_content_type"."model" FROM "django_content_type" WHERE ("django_content_type"."app_label" = 'main' AND "django_content_type"."model" IN ('companyinfo', 'room', 'client', 'booking', 'promotion', 'news', 'faq', 'contact', 'review', 'vacancy', 'roomcategory')); args=('main', 'companyinfo', 'room', 'client', 'booking', 'promotion', 'news', 'faq', 'contact', 'review', 'vacancy', 'roomcategory'); alias=default
DEBUG 2025-05-27 21:28:50,885 utils 7312 18504 (0.000) SELECT "auth_permission"."content_type_id" AS "content_type", "auth_permission"."codename" AS "codename" FROM "auth_permission" INNER JOIN "django_content_type" ON ("auth_permission"."content_type_id" = "django_content_type"."id") WHERE "auth_permission"."content_type_id" IN (7, 8, 9, 10, 11, 12, 13, 14, 15, 16, 17) ORDER BY "django_content_type"."app_label" ASC, "django_content_type"."model" ASC, 2 ASC; args=(7, 8, 9, 10, 11, 12, 13, 14, 15, 16, 17); alias=default
DEBUG 2025-05-27 21:28:50,885 utils 7312 18504 (0.000) BEGIN; args=None; alias=default
DEBUG 2025-05-27 21:28:50,890 utils 7312 18504 (0.000) INSERT INTO "auth_permission" ("name", "content_type_id", "codename") VALUES ('Can add company info', 7, 'add_companyinfo'), ('Can change company info', 7, 'change_companyinfo'), ('Can delete company info', 7, 'delete_companyinfo'), ('Can view company info', 7, 'view_companyinfo'), ('Can add contact', 8, 'add_contact'), ('Can change contact', 8, 'change_contact'), ('Can delete contact', 8, 'delete_contact'), ('Can view contact', 8, 'view_contact'), ('Can add faq', 9, 'add_faq'), ('Can change faq', 9, 'change_faq'), ('Can delete faq', 9, 'delete_faq'), ('Can view faq', 9, 'view_faq'), ('Can add news', 10, 'add_news'), ('Can change news', 10, 'change_news'), ('Can delete news', 10, 'delete_news'), ('Can view news', 10, 'view_news'), ('Can add promotion', 11, 'add_promotion'), ('Can change promotion', 11, 'change_promotion'), ('Can delete promotion', 11, 'delete_promotion'), ('Can view promotion', 11, 'view_promotion'), ('Can add vacancy', 12, 'add_vacancy'), ('Can change vacancy', 12, 'change_vacancy'), ('Can delete vacancy', 12, 'delete_vacancy'), ('Can view vacancy', 12, 'view_vacancy'), ('Can add room category', 13, 'add_roomcategory'), ('Can change room category', 13, 'change_roomcategory'), ('Can delete room category', 13, 'delete_roomcategory'), ('Can view room category', 13, 'view_roomcategory'), ('Can add review', 14, 'add_review'), ('Can change review', 14, 'change_review'), ('Can delete review', 14, 'delete_review'), ('Can view review', 14, 'view_review'), ('Can add room', 15, 'add_room'), ('Can change room', 15, 'change_room'), ('Can delete room', 15, 'delete_room'), ('Can view room', 15, 'view_room'), ('Can add client', 16, 'add_client'), ('Can change client', 16, 'change_client'), ('Can delete client', 16, 'delete_client'), ('Can view client', 16, 'view_client'), ('Can add booking', 17, 'add_booking'), ('Can change booking', 17, 'change_booking'), ('Can delete booking', 17, 'delete_booking'), ('Can view booking', 17, 'view_booking') RETURNING "auth_permission"."id"; args=('Can add company info', 7, 'add_companyinfo', 'Can change company info', 7, 'change_companyinfo', 'Can delete company info', 7, 'delete_companyinfo', 'Can view company info', 7, 'view_companyinfo', 'Can add contact', 8, 'add_contact', 'Can change contact', 8, 'change_contact', 'Can delete contact', 8, 'delete_contact', 'Can view contact', 8, 'view_contact', 'Can add faq', 9, 'add_faq', 'Can change faq', 9, 'change_faq', 'Can delete faq', 9, 'delete_faq', 'Can view faq', 9, 'view_faq', 'Can add news', 10, 'add_news', 'Can change news', 10, 'change_news', 'Can delete news', 10, 'delete_news', 'Can view news', 10, 'view_news', 'Can add promotion', 11, 'add_promotion', 'Can change promotion', 11, 'change_promotion', 'Can delete promotion', 11, 'delete_promotion', 'Can view promotion', 11, 'view_promotion', 'Can add vacancy', 12, 'add_vacancy', 'Can change vacancy', 12, 'change_vacancy', 'Can delete vacancy', 12, 'delete_vacancy', 'Can view vacancy', 12, 'view_vacancy', 'Can add room category', 13, 'add_roomcategory', 'Can change room category', 13, 'change_roomcategory', 'Can delete room category', 13, 'delete_roomcategory', 'Can view room category', 13, 'view_roomcategory', 'Can add review', 14, 'add_review', 'Can change review', 14, 'change_review', 'Can delete review', 14, 'delete_review', 'Can view review', 14, 'view_review', 'Can add room', 15, 'add_room', 'Can change room', 15, 'change_room', 'Can delete room', 15, 'delete_room', 'Can view room', 15, 'view_room', 'Can add client', 16, 'add_client', 'Can change client', 16, 'change_client', 'Can delete client', 16, 'delete_client', 'Can view client', 16, 'view_client', 'Can add booking', 17, 'add_booking', 'Can change booking', 17, 'change_booking', 'Can delete booking', 17, 'delete_booking', 'Can view booking', 17, 'view_booking'); alias=default
DEBUG 2025-05-27 21:28:50,897 utils 7312 18504 (0.015) COMMIT; args=None; alias=default
DEBUG 2025-05-27 21:28:50,898 utils 7312 18504 (0.000) SELECT "django_content_type"."id", "django_content_type"."app_label", "django_content_type"."model" FROM "django_content_type" WHERE "django_content_type"."app_label" = 'main'; args=('main',); alias=default
DEBUG 2025-05-27 21:32:22,862 utils 3460 15732 (0.000) 
            SELECT name, type FROM sqlite_master
            WHERE type in ('table', 'view') AND NOT name='sqlite_sequence'
            ORDER BY name; args=None; alias=default
DEBUG 2025-05-27 21:32:22,866 utils 3460 15732 (0.000) SELECT "django_migrations"."id", "django_migrations"."app", "django_migrations"."name", "django_migrations"."applied" FROM "django_migrations"; args=(); alias=default
DEBUG 2025-05-27 21:32:22,866 utils 3460 15732 (0.000) SELECT "auth_user"."id", "auth_user"."password", "auth_user"."last_login", "auth_user"."is_superuser", "auth_user"."username", "auth_user"."first_name", "auth_user"."last_name", "auth_user"."email", "auth_user"."is_staff", "auth_user"."is_active", "auth_user"."date_joined" FROM "auth_user" WHERE "auth_user"."username" = 'timof' LIMIT 21; args=('timof',); alias=default
DEBUG 2025-05-27 21:32:27,677 utils 3460 15732 (0.000) SELECT "auth_user"."id", "auth_user"."password", "auth_user"."last_login", "auth_user"."is_superuser", "auth_user"."username", "auth_user"."first_name", "auth_user"."last_name", "auth_user"."email", "auth_user"."is_staff", "auth_user"."is_active", "auth_user"."date_joined" FROM "auth_user" WHERE "auth_user"."username" = 'admin' LIMIT 21; args=('admin',); alias=default
DEBUG 2025-05-27 21:32:53,357 utils 3460 15732 (0.000) INSERT INTO "auth_user" ("password", "last_login", "is_superuser", "username", "first_name", "last_name", "email", "is_staff", "is_active", "date_joined") VALUES ('pbkdf2_sha256$1000000$nkEEC1Yjrs7N6drRZPnp9o$43ndZOxDtnvNRWsSUX3wp0R+iTvHOY9fyNDGugfTVUA=', NULL, 1, 'admin', '', '', 'timofeibogutski@gmail.com', 1, 1, '2025-05-27 18:32:52.467051') RETURNING "auth_user"."id"; args=('pbkdf2_sha256$1000000$nkEEC1Yjrs7N6drRZPnp9o$43ndZOxDtnvNRWsSUX3wp0R+iTvHOY9fyNDGugfTVUA=', None, True, 'admin', '', '', 'timofeibogutski@gmail.com', True, True, '2025-05-27 18:32:52.467051'); alias=default
